#! /c/Source/iverilog-install/bin/vvp
:ivl_version "12.0 (devel)" "(s20150603-1110-g18392a46)";
:ivl_delay_selection "TYPICAL";
:vpi_time_precision + 0;
:vpi_module "C:\iverilog\lib\ivl\system.vpi";
:vpi_module "C:\iverilog\lib\ivl\vhdl_sys.vpi";
:vpi_module "C:\iverilog\lib\ivl\vhdl_textio.vpi";
:vpi_module "C:\iverilog\lib\ivl\v2005_math.vpi";
:vpi_module "C:\iverilog\lib\ivl\va_math.vpi";
:vpi_module "C:\iverilog\lib\ivl\v2009.vpi";
S_00000110b2cb25e0 .scope package, "$unit" "$unit" 2 1;
 .timescale 0 0;
S_00000110b2cb2770 .scope module, "seq_detector_0011" "seq_detector_0011" 3 1;
 .timescale 0 0;
    .port_info 0 /INPUT 1 "clk";
    .port_info 1 /INPUT 1 "reset";
    .port_info 2 /INPUT 1 "data_in";
    .port_info 3 /OUTPUT 1 "detected";
P_00000110b2c9aa10 .param/l "S_0" 1 3 10, C4<001>;
P_00000110b2c9aa48 .param/l "S_00" 1 3 11, C4<010>;
P_00000110b2c9aa80 .param/l "S_001" 1 3 12, C4<011>;
P_00000110b2c9aab8 .param/l "S_DET" 1 3 13, C4<100>;
P_00000110b2c9aaf0 .param/l "S_IDLE" 1 3 9, C4<000>;
o00000110b2ce8fd8 .functor BUFZ 1, C4<z>; HiZ drive
v00000110b2cb2900_0 .net "clk", 0 0, o00000110b2ce8fd8;  0 drivers
o00000110b2ce9008 .functor BUFZ 1, C4<z>; HiZ drive
v00000110b2c9af30_0 .net "data_in", 0 0, o00000110b2ce9008;  0 drivers
v00000110b2ce4f90_0 .var "detected", 0 0;
v00000110b2ce5030_0 .var "next_state", 2 0;
o00000110b2ce9098 .functor BUFZ 1, C4<z>; HiZ drive
v00000110b2ce50d0_0 .net "reset", 0 0, o00000110b2ce9098;  0 drivers
v00000110b2ce5170_0 .var "state", 2 0;
E_00000110b2c98d50 .event posedge, v00000110b2cb2900_0;
E_00000110b2c99690 .event anyedge, v00000110b2ce5170_0, v00000110b2c9af30_0;
    .scope S_00000110b2cb2770;
T_0 ;
    %wait E_00000110b2c99690;
    %load/vec4 v00000110b2ce5170_0;
    %dup/vec4;
    %pushi/vec4 0, 0, 3;
    %cmp/u;
    %jmp/1 T_0.0, 6;
    %dup/vec4;
    %pushi/vec4 1, 0, 3;
    %cmp/u;
    %jmp/1 T_0.1, 6;
    %dup/vec4;
    %pushi/vec4 2, 0, 3;
    %cmp/u;
    %jmp/1 T_0.2, 6;
    %dup/vec4;
    %pushi/vec4 3, 0, 3;
    %cmp/u;
    %jmp/1 T_0.3, 6;
    %dup/vec4;
    %pushi/vec4 4, 0, 3;
    %cmp/u;
    %jmp/1 T_0.4, 6;
    %pushi/vec4 0, 0, 3;
    %store/vec4 v00000110b2ce5030_0, 0, 3;
    %jmp T_0.6;
T_0.0 ;
    %load/vec4 v00000110b2c9af30_0;
    %flag_set/vec4 8;
    %jmp/0xz  T_0.7, 8;
    %pushi/vec4 0, 0, 3;
    %store/vec4 v00000110b2ce5030_0, 0, 3;
    %jmp T_0.8;
T_0.7 ;
    %pushi/vec4 1, 0, 3;
    %store/vec4 v00000110b2ce5030_0, 0, 3;
T_0.8 ;
    %jmp T_0.6;
T_0.1 ;
    %load/vec4 v00000110b2c9af30_0;
    %flag_set/vec4 8;
    %jmp/0xz  T_0.9, 8;
    %pushi/vec4 0, 0, 3;
    %store/vec4 v00000110b2ce5030_0, 0, 3;
    %jmp T_0.10;
T_0.9 ;
    %pushi/vec4 2, 0, 3;
    %store/vec4 v00000110b2ce5030_0, 0, 3;
T_0.10 ;
    %jmp T_0.6;
T_0.2 ;
    %load/vec4 v00000110b2c9af30_0;
    %flag_set/vec4 8;
    %jmp/0xz  T_0.11, 8;
    %pushi/vec4 3, 0, 3;
    %store/vec4 v00000110b2ce5030_0, 0, 3;
    %jmp T_0.12;
T_0.11 ;
    %pushi/vec4 2, 0, 3;
    %store/vec4 v00000110b2ce5030_0, 0, 3;
T_0.12 ;
    %jmp T_0.6;
T_0.3 ;
    %load/vec4 v00000110b2c9af30_0;
    %flag_set/vec4 8;
    %jmp/0xz  T_0.13, 8;
    %pushi/vec4 4, 0, 3;
    %store/vec4 v00000110b2ce5030_0, 0, 3;
    %jmp T_0.14;
T_0.13 ;
    %pushi/vec4 1, 0, 3;
    %store/vec4 v00000110b2ce5030_0, 0, 3;
T_0.14 ;
    %jmp T_0.6;
T_0.4 ;
    %load/vec4 v00000110b2c9af30_0;
    %flag_set/vec4 8;
    %jmp/0xz  T_0.15, 8;
    %pushi/vec4 0, 0, 3;
    %store/vec4 v00000110b2ce5030_0, 0, 3;
    %jmp T_0.16;
T_0.15 ;
    %pushi/vec4 1, 0, 3;
    %store/vec4 v00000110b2ce5030_0, 0, 3;
T_0.16 ;
    %jmp T_0.6;
T_0.6 ;
    %pop/vec4 1;
    %jmp T_0;
    .thread T_0, $push;
    .scope S_00000110b2cb2770;
T_1 ;
    %wait E_00000110b2c98d50;
    %load/vec4 v00000110b2ce50d0_0;
    %flag_set/vec4 8;
    %jmp/0xz  T_1.0, 8;
    %pushi/vec4 0, 0, 3;
    %assign/vec4 v00000110b2ce5170_0, 0;
    %pushi/vec4 0, 0, 1;
    %assign/vec4 v00000110b2ce4f90_0, 0;
    %jmp T_1.1;
T_1.0 ;
    %load/vec4 v00000110b2ce5030_0;
    %assign/vec4 v00000110b2ce5170_0, 0;
    %load/vec4 v00000110b2ce5030_0;
    %pushi/vec4 4, 0, 3;
    %cmp/e;
    %flag_get/vec4 4;
    %assign/vec4 v00000110b2ce4f90_0, 0;
T_1.1 ;
    %jmp T_1;
    .thread T_1;
# The file index is used to find the file name in the following table.
:file_names 4;
    "N/A";
    "<interactive>";
    "-";
    "rtl\p1_design.sv";
